<?xml version="1.0" encoding="UTF-8"?>
<testng-results ignored="0" total="1" passed="1" failed="0" skipped="0">
  <reporter-output>
  </reporter-output>
  <suite started-at="2022-05-19T09:34:02 IST" name="Suite" finished-at="2022-05-19T09:35:10 IST" duration-ms="67515">
    <groups>
    </groups>
    <test started-at="2022-05-19T09:34:02 IST" name="Test" finished-at="2022-05-19T09:35:10 IST" duration-ms="67515">
      <class name="Mindtree.Hotel.FindHotel">
        <test-method signature="Test1()[pri:0, instance:Mindtree.Hotel.FindHotel@36916eb0]" started-at="2022-05-19T09:34:02 IST" name="Test1" finished-at="2022-05-19T09:35:10 IST" duration-ms="67440" status="PASS">
          <reporter-output>
          </reporter-output>
        </test-method> <!-- Test1 -->
      </class> <!-- Mindtree.Hotel.FindHotel -->
    </test> <!-- Test -->
  </suite> <!-- Suite -->
</testng-results>
